<?xml version="1.0" encoding="UTF-8"?>
<!-- Generated by org.testng.reporters.JUnitReportReporter -->
<testsuite hostname="MSI" failures="0" tests="4" name="api.test.UserTests" time="7.037" errors="0" timestamp="2025-08-13T10:05:36 IST" skipped="0">
  <testcase classname="api.test.UserTests" name="testPostUser" time="3.163"/>
  <testcase classname="api.test.UserTests" name="testGetUserByName" time="1.285"/>
  <testcase classname="api.test.UserTests" name="testUpdateUserByName" time="1.325"/>
  <testcase classname="api.test.UserTests" name="testDeleteUserByName" time="1.264"/>
</testsuite> <!-- api.test.UserTests -->
